<?xml version="1.0" encoding="UTF-8"?>
<testsuite xmlns:xsi="http://www.w3.org/2001/XMLSchema-instance" xsi:noNamespaceSchemaLocation="https://maven.apache.org/surefire/maven-surefire-plugin/xsd/surefire-test-report-3.0.xsd" version="3.0" name="com.cowards.onlyarts.utils.DBContextTest" time="0.355" tests="1" errors="0" skipped="0" failures="0">
  <properties>
[...]
</properties>
  <testcase name="testGetConnectionSuccessfully" classname="com.cowards.onlyarts.utils.DBContextTest" time="0.341">
    <system-out><![CDATA[getConnection
Microsoft JDBC Driver 11.2 for SQL Server | 11.2.3.0
]]></system-out>
  </testcase>
</testsuite>